Using pre-set license
Built from '2020.2/release' branch; Version is '2020.2.1f1 (270dd8c3da1c) revision 2559448'; Using compiler version '192528614'; Build Type 'Release'
OS: 'Windows 7  (6.1.0) 64bit' Language: 'ru' Physical Memory: 24475 MB
BatchMode: 1, IsHumanControllingUs: 0, StartBugReporterOnCrash: 0, Is64bit: 1, IsPro: 0

 COMMAND LINE ARGUMENTS:
C:\Program Files\Unity\Hub\Editor\2020.2.1f1\Editor\Unity.exe
-adb2
-batchMode
-noUpm
-name
AssetImportWorker0
-projectPath
C:/Games/Bumble Up _ My Version
-logFile
Logs/AssetImportWorker0.log
-srvPort
56180
Successfully changed project path to: C:/Games/Bumble Up _ My Version
C:/Games/Bumble Up _ My Version
Using Asset Import Pipeline V2.
Default GameObject Tag: Player already registered

Default GameObject Tag: Player already registered

Refreshing native plugins compatible for Editor in 30.16 ms, found 0 plugins.
Preloading 0 native plugins for Editor in 0.00 ms.
Initialize engine version: 2020.2.1f1 (270dd8c3da1c)
[Subsystems] Discovering subsystems at path C:/Program Files/Unity/Hub/Editor/2020.2.1f1/Editor/Data/Resources/UnitySubsystems
[Subsystems] Discovering subsystems at path C:/Games/Bumble Up _ My Version/Assets
GfxDevice: creating device client; threaded=0
d3d11: CreateDXGIFactory2(...) not found, fallbacking to CreateDXGIFactory1(...).
d3d11: QueryInterface(IDXGIFactory5) failed (80004002).
Direct3D:
    Version:  Direct3D 11.0 [level 11.0]
    Renderer: Intel(R) HD Graphics 4000 (ID=0x162)
    Vendor:   
    VRAM:     1632 MB
    Driver:   10.18.10.5059
Initialize mono
Mono path[0] = 'C:/Program Files/Unity/Hub/Editor/2020.2.1f1/Editor/Data/Managed'
Mono path[1] = 'C:/Program Files/Unity/Hub/Editor/2020.2.1f1/Editor/Data/MonoBleedingEdge/lib/mono/unityjit'
Mono config path = 'C:/Program Files/Unity/Hub/Editor/2020.2.1f1/Editor/Data/MonoBleedingEdge/etc'
Using monoOptions --debugger-agent=transport=dt_socket,embedding=1,server=y,suspend=n,address=127.0.0.1:56040
Begin MonoManager ReloadAssembly
Registering precompiled unity dll's ...
Register platform support module: C:/Program Files/Unity/Hub/Editor/2020.2.1f1/Editor/Data/PlaybackEngines/WindowsStandaloneSupport/UnityEditor.WindowsStandalone.Extensions.dll
Registered in 0.001278 seconds.
Native extension for WindowsStandalone target not found
Refreshing native plugins compatible for Editor in 30.83 ms, found 0 plugins.
Preloading 0 native plugins for Editor in 0.00 ms.
Invoked RoslynAnalysisRunner static constructor.
RoslynAnalysisRunner will not be running.
RoslynAnalysisRunner has terminated.
Mono: successfully reloaded assembly
- Completed reload, in  3.403 seconds
Platform modules already initialized, skipping
Registering precompiled user dll's ...
Registered in 0.002280 seconds.
Begin MonoManager ReloadAssembly
Native extension for WindowsStandalone target not found
Refreshing native plugins compatible for Editor in 0.34 ms, found 0 plugins.
Preloading 0 native plugins for Editor in 0.00 ms.
Invoked RoslynAnalysisRunner static constructor.
RoslynAnalysisRunner will not be running.
RoslynAnalysisRunner has terminated.
Mono: successfully reloaded assembly
- Completed reload, in  0.963 seconds
Platform modules already initialized, skipping
========================================================================
Worker process is ready to serve import requests
Default GameObject Tag: Player already registered

Default GameObject Tag: Player already registered

Launched and connected shader compiler UnityShaderCompiler.exe after 0.04 seconds
Refreshing native plugins compatible for Editor in 0.25 ms, found 0 plugins.
Preloading 0 native plugins for Editor in 0.00 ms.
Unloading 1117 Unused Serialized files (Serialized files now loaded: 0)
System memory in use before: 58.1 MB.
System memory in use after: 58.1 MB.

Unloading 9 unused Assets to reduce memory usage. Loaded Objects now: 1566.
Total: 3.851644 ms (FindLiveObjects: 0.159077 ms CreateObjectMapping: 0.049806 ms MarkObjects: 3.579373 ms  DeleteObjects: 0.061578 ms)

========================================================================
Received Import Request.
  path: Assets/Scripts/Moving.cs
  artifactKey: Guid(b82296fb3754e6545ba2fa81f95f4127) Importer(815301076,1909f56bfc062723c751e8b465ee728b)
Start importing Assets/Scripts/Moving.cs using Guid(b82296fb3754e6545ba2fa81f95f4127) Importer(815301076,1909f56bfc062723c751e8b465ee728b)  -> (artifact id: '4c32619aaaaf1478b27d3754168057a8') in 0.040368 seconds
  Import took 0.042904 seconds .

========================================================================
Received Prepare
Default GameObject Tag: Player already registered

Default GameObject Tag: Player already registered

Registering precompiled user dll's ...
Registered in 0.000751 seconds.
Begin MonoManager ReloadAssembly
Native extension for WindowsStandalone target not found
Refreshing native plugins compatible for Editor in 0.42 ms, found 0 plugins.
Preloading 0 native plugins for Editor in 0.00 ms.
Invoked RoslynAnalysisRunner static constructor.
RoslynAnalysisRunner will not be running.
RoslynAnalysisRunner has terminated.
Mono: successfully reloaded assembly
- Completed reload, in  1.060 seconds
Platform modules already initialized, skipping
Refreshing native plugins compatible for Editor in 0.33 ms, found 0 plugins.
Preloading 0 native plugins for Editor in 0.00 ms.
Unloading 1113 Unused Serialized files (Serialized files now loaded: 0)
System memory in use before: 57.7 MB.
System memory in use after: 57.8 MB.

Unloading 4 unused Assets to reduce memory usage. Loaded Objects now: 1568.
Total: 2.299516 ms (FindLiveObjects: 0.233031 ms CreateObjectMapping: 0.050711 ms MarkObjects: 1.989211 ms  DeleteObjects: 0.020828 ms)

========================================================================
Received Prepare
Default GameObject Tag: Player already registered

Default GameObject Tag: Player already registered

Registering precompiled user dll's ...
Registered in 0.000716 seconds.
Begin MonoManager ReloadAssembly
Native extension for WindowsStandalone target not found
Refreshing native plugins compatible for Editor in 0.39 ms, found 0 plugins.
Preloading 0 native plugins for Editor in 0.00 ms.
Invoked RoslynAnalysisRunner static constructor.
RoslynAnalysisRunner will not be running.
RoslynAnalysisRunner has terminated.
Mono: successfully reloaded assembly
- Completed reload, in  0.991 seconds
Platform modules already initialized, skipping
Refreshing native plugins compatible for Editor in 0.66 ms, found 0 plugins.
Preloading 0 native plugins for Editor in 0.00 ms.
Unloading 1114 Unused Serialized files (Serialized files now loaded: 0)
System memory in use before: 57.9 MB.
System memory in use after: 58.0 MB.

Unloading 4 unused Assets to reduce memory usage. Loaded Objects now: 1570.
Total: 2.536772 ms (FindLiveObjects: 0.357092 ms CreateObjectMapping: 0.051919 ms MarkObjects: 2.092747 ms  DeleteObjects: 0.029582 ms)

========================================================================
Received Import Request.
  Time since last request: 110.220642 seconds.
  path: Assets/Scripts/Moving.cs
  artifactKey: Guid(b82296fb3754e6545ba2fa81f95f4127) Importer(815301076,1909f56bfc062723c751e8b465ee728b)
Start importing Assets/Scripts/Moving.cs using Guid(b82296fb3754e6545ba2fa81f95f4127) Importer(815301076,1909f56bfc062723c751e8b465ee728b)  -> (artifact id: '44828d237728a7f8ef446d38979cd581') in 0.006678 seconds
  Import took 0.012574 seconds .

========================================================================
Received Prepare
Default GameObject Tag: Player already registered

Default GameObject Tag: Player already registered

Registering precompiled user dll's ...
Registered in 0.000575 seconds.
Begin MonoManager ReloadAssembly
Native extension for WindowsStandalone target not found
Refreshing native plugins compatible for Editor in 0.26 ms, found 0 plugins.
Preloading 0 native plugins for Editor in 0.00 ms.
Invoked RoslynAnalysisRunner static constructor.
RoslynAnalysisRunner will not be running.
RoslynAnalysisRunner has terminated.
Mono: successfully reloaded assembly
- Completed reload, in  0.883 seconds
Platform modules already initialized, skipping
Refreshing native plugins compatible for Editor in 0.27 ms, found 0 plugins.
Preloading 0 native plugins for Editor in 0.00 ms.
Unloading 1114 Unused Serialized files (Serialized files now loaded: 0)
System memory in use before: 58.1 MB.
System memory in use after: 58.2 MB.

Unloading 4 unused Assets to reduce memory usage. Loaded Objects now: 1572.
Total: 10.953641 ms (FindLiveObjects: 0.160586 ms CreateObjectMapping: 0.046787 ms MarkObjects: 10.723327 ms  DeleteObjects: 0.019922 ms)

========================================================================
Received Import Request.
  Time since last request: 31.972041 seconds.
  path: Assets/Scripts/Moving.cs
  artifactKey: Guid(b82296fb3754e6545ba2fa81f95f4127) Importer(815301076,1909f56bfc062723c751e8b465ee728b)
Start importing Assets/Scripts/Moving.cs using Guid(b82296fb3754e6545ba2fa81f95f4127) Importer(815301076,1909f56bfc062723c751e8b465ee728b)  -> (artifact id: 'f1efcbe81ddb49f792c31e4b8326944f') in 0.004123 seconds
  Import took 0.006511 seconds .

========================================================================
Received Prepare
Default GameObject Tag: Player already registered

Default GameObject Tag: Player already registered

Registering precompiled user dll's ...
Registered in 0.000611 seconds.
Begin MonoManager ReloadAssembly
Native extension for WindowsStandalone target not found
Refreshing native plugins compatible for Editor in 0.27 ms, found 0 plugins.
Preloading 0 native plugins for Editor in 0.00 ms.
Invoked RoslynAnalysisRunner static constructor.
RoslynAnalysisRunner will not be running.
RoslynAnalysisRunner has terminated.
Mono: successfully reloaded assembly
- Completed reload, in  0.962 seconds
Platform modules already initialized, skipping
Refreshing native plugins compatible for Editor in 0.27 ms, found 0 plugins.
Preloading 0 native plugins for Editor in 0.00 ms.
Unloading 1114 Unused Serialized files (Serialized files now loaded: 0)
System memory in use before: 58.2 MB.
System memory in use after: 58.3 MB.

Unloading 4 unused Assets to reduce memory usage. Loaded Objects now: 1574.
Total: 2.077352 ms (FindLiveObjects: 0.156058 ms CreateObjectMapping: 0.045278 ms MarkObjects: 1.852170 ms  DeleteObjects: 0.021130 ms)

========================================================================
Received Prepare
Default GameObject Tag: Player already registered

Default GameObject Tag: Player already registered

Refreshing native plugins compatible for Editor in 0.78 ms, found 0 plugins.
Preloading 0 native plugins for Editor in 0.00 ms.
Unloading 5 Unused Serialized files (Serialized files now loaded: 0)
System memory in use before: 36.8 MB.
System memory in use after: 36.9 MB.

Unloading 2 unused Assets to reduce memory usage. Loaded Objects now: 1574.
Total: 1.857603 ms (FindLiveObjects: 0.176886 ms CreateObjectMapping: 0.047089 ms MarkObjects: 1.610688 ms  DeleteObjects: 0.020828 ms)

AssetImportWorkerClient::OnTransportError - code=2 error=End of file
